<?xml version="1.0" encoding="UTF-8"?>
<!-- Generated by org.testng.reporters.JUnitReportReporter -->
<testsuite hostname="LAPTOP-Q1MEGBNO" failures="0" tests="68" name="GridMonitorTester" time="0.373" errors="0" timestamp="2019-09-20T10:38:52 MDT" skipped="0">
  <testcase classname="GridMonitorTester" name="testGetSurroundingAvgGrid" time="0.004"/>
  <testcase classname="GridMonitorTester" name="testBaseGridEncapsulation" time="0.009"/>
  <testcase classname="GridMonitorTester" name="testGetDangerGrid" time="0.005"/>
  <testcase classname="GridMonitorTester" name="testGetDangerGrid" time="0.005"/>
  <testcase classname="GridMonitorTester" name="testGetSurroundingSumGrid" time="0.003"/>
  <testcase classname="GridMonitorTester" name="testDeltaGridEncapsulation" time="0.004"/>
  <testcase classname="GridMonitorTester" name="testDeltaGridEncapsulation" time="0.006"/>
  <testcase classname="GridMonitorTester" name="testBaseGridEncapsulation" time="0.014"/>
  <testcase classname="GridMonitorTester" name="testGetBaseGrid" time="0.003"/>
  <testcase classname="GridMonitorTester" name="testGetDeltaGrid" time="0.004"/>
  <testcase classname="GridMonitorTester" name="testConstructor" time="0.003"/>
  <testcase classname="GridMonitorTester" name="testDangerGridEncapsulation" time="0.014"/>
  <testcase classname="GridMonitorTester" name="testGetSurroundingSumGrid" time="0.004"/>
  <testcase classname="GridMonitorTester" name="testGetDangerGrid" time="0.008"/>
  <testcase classname="GridMonitorTester" name="testGetSurroundingSumGrid" time="0.004"/>
  <testcase classname="GridMonitorTester" name="testDangerGridEncapsulation" time="0.009"/>
  <testcase classname="GridMonitorTester" name="testGetDangerGrid" time="0.007"/>
  <testcase classname="GridMonitorTester" name="testSurroundingAvgGridEncapsulation" time="0.004"/>
  <testcase classname="GridMonitorTester" name="testSurroundingSumGridEncapsulation" time="0.004"/>
  <testcase classname="GridMonitorTester" name="testBaseGridEncapsulation" time="0.009"/>
  <testcase classname="GridMonitorTester" name="testConstructor" time="0.002"/>
  <testcase classname="GridMonitorTester" name="testDeltaGridEncapsulation" time="0.005"/>
  <testcase classname="GridMonitorTester" name="testGridMonitorInterface" time="0.000"/>
  <testcase classname="GridMonitorTester" name="testGetDeltaGrid" time="0.003"/>
  <testcase classname="GridMonitorTester" name="testGetBaseGrid" time="0.004"/>
  <testcase classname="GridMonitorTester" name="testGetDangerGrid" time="0.006"/>
  <testcase classname="GridMonitorTester" name="testGetDeltaGrid" time="0.004"/>
  <testcase classname="GridMonitorTester" name="testDangerGridEncapsulation" time="0.009"/>
  <testcase classname="GridMonitorTester" name="testConstructor" time="0.003"/>
  <testcase classname="GridMonitorTester" name="testGetDeltaGrid" time="0.003"/>
  <testcase classname="GridMonitorTester" name="testGetDeltaGrid" time="0.004"/>
  <testcase classname="GridMonitorTester" name="testGetSurroundingAvgGrid" time="0.004"/>
  <testcase classname="GridMonitorTester" name="testGetDangerGrid" time="0.006"/>
  <testcase classname="GridMonitorTester" name="testGetSurroundingAvgGrid" time="0.003"/>
  <testcase classname="GridMonitorTester" name="testSurroundingAvgGridEncapsulation" time="0.003"/>
  <testcase classname="GridMonitorTester" name="testGetBaseGrid" time="0.003"/>
  <testcase classname="GridMonitorTester" name="testConstructor" time="0.004"/>
  <testcase classname="GridMonitorTester" name="testDangerGridEncapsulation" time="0.009"/>
  <testcase classname="GridMonitorTester" name="testSurroundingAvgGridEncapsulation" time="0.004"/>
  <testcase classname="GridMonitorTester" name="testSurroundingAvgGridEncapsulation" time="0.004"/>
  <testcase classname="GridMonitorTester" name="testGetSurroundingAvgGrid" time="0.003"/>
  <testcase classname="GridMonitorTester" name="testBaseGridEncapsulation" time="0.039"/>
  <testcase classname="GridMonitorTester" name="testFileNotFoundException" time="0.002"/>
  <testcase classname="GridMonitorTester" name="testSurroundingSumGridEncapsulation" time="0.003"/>
  <testcase classname="GridMonitorTester" name="testDangerGridEncapsulation" time="0.010"/>
  <testcase classname="GridMonitorTester" name="testDeltaGridEncapsulation" time="0.005"/>
  <testcase classname="GridMonitorTester" name="testBaseGridEncapsulation" time="0.013"/>
  <testcase classname="GridMonitorTester" name="testGetSurroundingAvgGrid" time="0.004"/>
  <testcase classname="GridMonitorTester" name="testSurroundingAvgGridEncapsulation" time="0.004"/>
  <testcase classname="GridMonitorTester" name="testSurroundingSumGridEncapsulation" time="0.004"/>
  <testcase classname="GridMonitorTester" name="testDeltaGridEncapsulation" time="0.005"/>
  <testcase classname="GridMonitorTester" name="testSurroundingSumGridEncapsulation" time="0.004"/>
  <testcase classname="GridMonitorTester" name="testDeltaGridEncapsulation" time="0.004"/>
  <testcase classname="GridMonitorTester" name="testConstructor" time="0.003"/>
  <testcase classname="GridMonitorTester" name="testGetSurroundingSumGrid" time="0.003"/>
  <testcase classname="GridMonitorTester" name="testGetDeltaGrid" time="0.003"/>
  <testcase classname="GridMonitorTester" name="testGetBaseGrid" time="0.003"/>
  <testcase classname="GridMonitorTester" name="testGetSurroundingSumGrid" time="0.003"/>
  <testcase classname="GridMonitorTester" name="testGetSurroundingSumGrid" time="0.003"/>
  <testcase classname="GridMonitorTester" name="testSurroundingAvgGridEncapsulation" time="0.003"/>
  <testcase classname="GridMonitorTester" name="testSurroundingSumGridEncapsulation" time="0.004"/>
  <testcase classname="GridMonitorTester" name="testConstructor" time="0.004"/>
  <testcase classname="GridMonitorTester" name="testGetBaseGrid" time="0.007"/>
  <testcase classname="GridMonitorTester" name="testDangerGridEncapsulation" time="0.009"/>
  <testcase classname="GridMonitorTester" name="testGetBaseGrid" time="0.004"/>
  <testcase classname="GridMonitorTester" name="testSurroundingSumGridEncapsulation" time="0.003"/>
  <testcase classname="GridMonitorTester" name="testBaseGridEncapsulation" time="0.012"/>
  <testcase classname="GridMonitorTester" name="testGetSurroundingAvgGrid" time="0.003"/>
</testsuite> <!-- GridMonitorTester -->
