<?xml version="1.0" encoding="UTF-8"?>
<!-- Generated by org.testng.reporters.JUnitReportReporter -->
<testsuite hostname="onyx.boisestate.edu" failures="0" tests="45" name="Test_10_A_add0B_BA" time="0.002" errors="0" timestamp="15 Nov 2019 15:13:38 GMT">
  <testcase classname="Test_10_A_add0B_BA" name="testListIterator_validIndex" time="0.000"/>
  <testcase classname="Test_10_A_add0B_BA" name="testContains_validElement" time="0.000"/>
  <testcase classname="Test_10_A_add0B_BA" name="testLast" time="0.000"/>
  <testcase classname="Test_10_A_add0B_BA" name="testIndexOf_invalidElement" time="0.000"/>
  <testcase classname="Test_10_A_add0B_BA" name="testSize" time="0.000"/>
  <testcase classname="Test_10_A_add0B_BA" name="testAddAfter_validElement" time="0.000"/>
  <testcase classname="Test_10_A_add0B_BA" name="testSet_invalidIndex" time="0.000"/>
  <testcase classname="Test_10_A_add0B_BA" name="testContains_validElement" time="0.000"/>
  <testcase classname="Test_10_A_add0B_BA" name="testAdd_validIndex" time="0.000"/>
  <testcase classname="Test_10_A_add0B_BA" name="testGet_validIndex" time="0.000"/>
  <testcase classname="Test_10_A_add0B_BA" name="testAddAfter_invalidElement" time="0.000"/>
  <testcase classname="Test_10_A_add0B_BA" name="testAdd_validIndex" time="0.000"/>
  <testcase classname="Test_10_A_add0B_BA" name="testAddToFront" time="0.000"/>
  <testcase classname="Test_10_A_add0B_BA" name="testAddToRear" time="0.000"/>
  <testcase classname="Test_10_A_add0B_BA" name="testGet_invalidIndex" time="0.000"/>
  <testcase classname="Test_10_A_add0B_BA" name="testListIterator_validIndex" time="0.000"/>
  <testcase classname="Test_10_A_add0B_BA" name="testAdd" time="0.000"/>
  <testcase classname="Test_10_A_add0B_BA" name="testRemoveLast" time="0.000"/>
  <testcase classname="Test_10_A_add0B_BA" name="testAdd_invalidIndex" time="0.000"/>
  <testcase classname="Test_10_A_add0B_BA" name="testIndexOf_validElement" time="0.000"/>
  <testcase classname="Test_10_A_add0B_BA" name="testGet_invalidIndex" time="0.001"/>
  <testcase classname="Test_10_A_add0B_BA" name="testIterator" time="0.000"/>
  <testcase classname="Test_10_A_add0B_BA" name="testRemove_invalidElement" time="0.000"/>
  <testcase classname="Test_10_A_add0B_BA" name="testSet_validIndex" time="0.000"/>
  <testcase classname="Test_10_A_add0B_BA" name="testListIterator" time="0.000"/>
  <testcase classname="Test_10_A_add0B_BA" name="testRemoveFirst" time="0.000"/>
  <testcase classname="Test_10_A_add0B_BA" name="testAdd_validIndex" time="0.000"/>
  <testcase classname="Test_10_A_add0B_BA" name="testRemove_validIndex" time="0.000"/>
  <testcase classname="Test_10_A_add0B_BA" name="testFirst" time="0.000"/>
  <testcase classname="Test_10_A_add0B_BA" name="testContains_invalidElement" time="0.000"/>
  <testcase classname="Test_10_A_add0B_BA" name="testSet_validIndex" time="0.000"/>
  <testcase classname="Test_10_A_add0B_BA" name="testRemove_invalidIndex" time="0.000"/>
  <testcase classname="Test_10_A_add0B_BA" name="testGet_validIndex" time="0.000"/>
  <testcase classname="Test_10_A_add0B_BA" name="testAddAfter_validElement" time="0.000"/>
  <testcase classname="Test_10_A_add0B_BA" name="testRemove_invalidIndex" time="0.000"/>
  <testcase classname="Test_10_A_add0B_BA" name="testListIterator_invalidIndex" time="0.001"/>
  <testcase classname="Test_10_A_add0B_BA" name="testRemove_validElement" time="0.000"/>
  <testcase classname="Test_10_A_add0B_BA" name="testRemove_validElement" time="0.000"/>
  <testcase classname="Test_10_A_add0B_BA" name="testIsEmpty" time="0.000"/>
  <testcase classname="Test_10_A_add0B_BA" name="testSet_invalidIndex" time="0.000"/>
  <testcase classname="Test_10_A_add0B_BA" name="testIndexOf_validElement" time="0.000"/>
  <testcase classname="Test_10_A_add0B_BA" name="testListIterator_validIndex" time="0.000"/>
  <testcase classname="Test_10_A_add0B_BA" name="testAdd_invalidIndex" time="0.000"/>
  <testcase classname="Test_10_A_add0B_BA" name="testListIterator_invalidIndex" time="0.000"/>
  <testcase classname="Test_10_A_add0B_BA" name="testRemove_validIndex" time="0.000"/>
</testsuite>
