<?xml version="1.0" encoding="UTF-8"?>
<!-- Generated by org.testng.reporters.JUnitReportReporter -->
<testsuite hostname="onyx.boisestate.edu" failures="0" tests="9" name="ItrTest_5_emptyList_add0A_A" time="0.000" errors="0" timestamp="15 Nov 2019 15:13:18 GMT">
  <testcase classname="ItrTest_5_emptyList_add0A_A" name="testItrNextRemove_next" time="0.000"/>
  <testcase classname="ItrTest_5_emptyList_add0A_A" name="testItrNextRemove_remove" time="0.000"/>
  <testcase classname="ItrTest_5_emptyList_add0A_A" name="testItrNextRemove_hasNext" time="0.000"/>
  <testcase classname="ItrTest_5_emptyList_add0A_A" name="testItr_remove" time="0.000"/>
  <testcase classname="ItrTest_5_emptyList_add0A_A" name="testItrNext_next" time="0.000"/>
  <testcase classname="ItrTest_5_emptyList_add0A_A" name="testItrNext_remove" time="0.000"/>
  <testcase classname="ItrTest_5_emptyList_add0A_A" name="testItr_hasNext" time="0.000"/>
  <testcase classname="ItrTest_5_emptyList_add0A_A" name="testItrNext_hasNext" time="0.000"/>
  <testcase classname="ItrTest_5_emptyList_add0A_A" name="testItr_next" time="0.000"/>
</testsuite>
