<?xml version="1.0" encoding="UTF-8"?>
<!-- Generated by org.testng.reporters.JUnitReportReporter -->
<testsuite hostname="onyx.boisestate.edu" failures="0" tests="18" name="ItrTest_15_A_add1B_AB" time="0.003" errors="0" timestamp="15 Nov 2019 15:13:18 GMT">
  <testcase classname="ItrTest_15_A_add1B_AB" name="testItrNext_next" time="0.000"/>
  <testcase classname="ItrTest_15_A_add1B_AB" name="testItrNextNextRemove_hasNext" time="0.000"/>
  <testcase classname="ItrTest_15_A_add1B_AB" name="testItrNextRemove_hasNext" time="0.001"/>
  <testcase classname="ItrTest_15_A_add1B_AB" name="testItrNext_hasNext" time="0.000"/>
  <testcase classname="ItrTest_15_A_add1B_AB" name="testItr_remove" time="0.000"/>
  <testcase classname="ItrTest_15_A_add1B_AB" name="testItrNextRemove_remove" time="0.000"/>
  <testcase classname="ItrTest_15_A_add1B_AB" name="testItrNextNext_next" time="0.000"/>
  <testcase classname="ItrTest_15_A_add1B_AB" name="testItrNext_remove" time="0.000"/>
  <testcase classname="ItrTest_15_A_add1B_AB" name="testItr_next" time="0.001"/>
  <testcase classname="ItrTest_15_A_add1B_AB" name="testItr_hasNext" time="0.000"/>
  <testcase classname="ItrTest_15_A_add1B_AB" name="testItrNextRemoveNext_hasNext" time="0.000"/>
  <testcase classname="ItrTest_15_A_add1B_AB" name="testItrNextRemoveNext_next" time="0.000"/>
  <testcase classname="ItrTest_15_A_add1B_AB" name="testItrNextNextRemove_next" time="0.000"/>
  <testcase classname="ItrTest_15_A_add1B_AB" name="testItrNextNextRemove_remove" time="0.000"/>
  <testcase classname="ItrTest_15_A_add1B_AB" name="testItrNextNext_remove" time="0.000"/>
  <testcase classname="ItrTest_15_A_add1B_AB" name="testItrNextNext_hasNext" time="0.000"/>
  <testcase classname="ItrTest_15_A_add1B_AB" name="testItrNextRemoveNext_remove" time="0.001"/>
  <testcase classname="ItrTest_15_A_add1B_AB" name="testItrNextRemove_next" time="0.000"/>
</testsuite>
