<?xml version="1.0" encoding="UTF-8"?>
<!-- Generated by org.testng.reporters.JUnitReportReporter -->
<testsuite hostname="onyx.boisestate.edu" failures="0" tests="16" name="AB_Tests" time="0.002" errors="0" timestamp="15 Nov 2019 15:12:57 GMT">
  <testcase classname="AB_Tests" name="testAdd_C" time="0.000"/>
  <testcase classname="AB_Tests" name="testRemove_A" time="0.000"/>
  <testcase classname="AB_Tests" name="testRemoveLast" time="0.000"/>
  <testcase classname="AB_Tests" name="testSet_0C" time="0.000"/>
  <testcase classname="AB_Tests" name="testRemoveFirst" time="0.000"/>
  <testcase classname="AB_Tests" name="testRemove_1" time="0.000"/>
  <testcase classname="AB_Tests" name="testAdd_1C" time="0.000"/>
  <testcase classname="AB_Tests" name="testAdd_2C" time="0.000"/>
  <testcase classname="AB_Tests" name="testAddAfter_CB" time="0.000"/>
  <testcase classname="AB_Tests" name="testAddAfter_CA" time="0.000"/>
  <testcase classname="AB_Tests" name="testAddToRear_C" time="0.000"/>
  <testcase classname="AB_Tests" name="testRemove_B" time="0.000"/>
  <testcase classname="AB_Tests" name="testAddToFront_C" time="0.001"/>
  <testcase classname="AB_Tests" name="testRemove_0" time="0.000"/>
  <testcase classname="AB_Tests" name="testSet_1C" time="0.000"/>
  <testcase classname="AB_Tests" name="testAdd_0C" time="0.001"/>
</testsuite>
