<?xml version="1.0" encoding="UTF-8"?>
<!-- Generated by org.testng.reporters.JUnitReportReporter -->
<testsuite hostname="onyx.boisestate.edu" failures="0" tests="54" name="Test_18_AB_addToRearC_ABC" time="0.003" errors="0" timestamp="15 Nov 2019 15:13:38 GMT">
  <testcase classname="Test_18_AB_addToRearC_ABC" name="testAddAfter_invalidElement" time="0.000"/>
  <testcase classname="Test_18_AB_addToRearC_ABC" name="testAdd_invalidIndex" time="0.000"/>
  <testcase classname="Test_18_AB_addToRearC_ABC" name="testListIterator_validIndex" time="0.001"/>
  <testcase classname="Test_18_AB_addToRearC_ABC" name="testAdd_validIndex" time="0.000"/>
  <testcase classname="Test_18_AB_addToRearC_ABC" name="testAdd_validIndex" time="0.000"/>
  <testcase classname="Test_18_AB_addToRearC_ABC" name="testRemove_validElement" time="0.001"/>
  <testcase classname="Test_18_AB_addToRearC_ABC" name="testAddToRear" time="0.000"/>
  <testcase classname="Test_18_AB_addToRearC_ABC" name="testGet_validIndex" time="0.000"/>
  <testcase classname="Test_18_AB_addToRearC_ABC" name="testIndexOf" time="0.000"/>
  <testcase classname="Test_18_AB_addToRearC_ABC" name="testAdd_validIndex" time="0.000"/>
  <testcase classname="Test_18_AB_addToRearC_ABC" name="testRemove_validIndex" time="0.000"/>
  <testcase classname="Test_18_AB_addToRearC_ABC" name="testAddAfter_validElement" time="0.000"/>
  <testcase classname="Test_18_AB_addToRearC_ABC" name="testIsEmpty" time="0.000"/>
  <testcase classname="Test_18_AB_addToRearC_ABC" name="testAdd_invalidIndex" time="0.000"/>
  <testcase classname="Test_18_AB_addToRearC_ABC" name="testRemove_validElement" time="0.001"/>
  <testcase classname="Test_18_AB_addToRearC_ABC" name="testAddAfter_validElement" time="0.000"/>
  <testcase classname="Test_18_AB_addToRearC_ABC" name="testIndexOf" time="0.000"/>
  <testcase classname="Test_18_AB_addToRearC_ABC" name="testSize" time="0.000"/>
  <testcase classname="Test_18_AB_addToRearC_ABC" name="testListIterator_validIndex" time="0.000"/>
  <testcase classname="Test_18_AB_addToRearC_ABC" name="testAdd_validIndex" time="0.000"/>
  <testcase classname="Test_18_AB_addToRearC_ABC" name="testGet_invalidIndex" time="0.000"/>
  <testcase classname="Test_18_AB_addToRearC_ABC" name="testContains_validElement" time="0.000"/>
  <testcase classname="Test_18_AB_addToRearC_ABC" name="testGet_validIndex" time="0.000"/>
  <testcase classname="Test_18_AB_addToRearC_ABC" name="testRemove_validIndex" time="0.000"/>
  <testcase classname="Test_18_AB_addToRearC_ABC" name="testRemoveFirst" time="0.000"/>
  <testcase classname="Test_18_AB_addToRearC_ABC" name="testContains_validElement" time="0.000"/>
  <testcase classname="Test_18_AB_addToRearC_ABC" name="testIterator" time="0.000"/>
  <testcase classname="Test_18_AB_addToRearC_ABC" name="testAddAfter_validElement" time="0.000"/>
  <testcase classname="Test_18_AB_addToRearC_ABC" name="testSet_validIndex" time="0.000"/>
  <testcase classname="Test_18_AB_addToRearC_ABC" name="testContains_invalidElement" time="0.000"/>
  <testcase classname="Test_18_AB_addToRearC_ABC" name="testContains_validElement" time="0.000"/>
  <testcase classname="Test_18_AB_addToRearC_ABC" name="testSet_invalidIndex" time="0.000"/>
  <testcase classname="Test_18_AB_addToRearC_ABC" name="testSet_validIndex" time="0.000"/>
  <testcase classname="Test_18_AB_addToRearC_ABC" name="testRemove_invalidIndex" time="0.000"/>
  <testcase classname="Test_18_AB_addToRearC_ABC" name="testIndexOf" time="0.000"/>
  <testcase classname="Test_18_AB_addToRearC_ABC" name="testListIterator_invalidIndex" time="0.000"/>
  <testcase classname="Test_18_AB_addToRearC_ABC" name="testListIterator_validIndex" time="0.000"/>
  <testcase classname="Test_18_AB_addToRearC_ABC" name="testIndexOf" time="0.000"/>
  <testcase classname="Test_18_AB_addToRearC_ABC" name="testLast" time="0.000"/>
  <testcase classname="Test_18_AB_addToRearC_ABC" name="testGet_validIndex" time="0.000"/>
  <testcase classname="Test_18_AB_addToRearC_ABC" name="testSet_validIndex" time="0.000"/>
  <testcase classname="Test_18_AB_addToRearC_ABC" name="testRemove_invalidIndex" time="0.000"/>
  <testcase classname="Test_18_AB_addToRearC_ABC" name="testListIterator_invalidIndex" time="0.000"/>
  <testcase classname="Test_18_AB_addToRearC_ABC" name="testRemove_invalidElement" time="0.000"/>
  <testcase classname="Test_18_AB_addToRearC_ABC" name="testFirst" time="0.000"/>
  <testcase classname="Test_18_AB_addToRearC_ABC" name="testAddToFront" time="0.000"/>
  <testcase classname="Test_18_AB_addToRearC_ABC" name="testRemove_validIndex" time="0.000"/>
  <testcase classname="Test_18_AB_addToRearC_ABC" name="testRemoveLast" time="0.000"/>
  <testcase classname="Test_18_AB_addToRearC_ABC" name="testSet_invalidIndex" time="0.000"/>
  <testcase classname="Test_18_AB_addToRearC_ABC" name="testListIterator" time="0.000"/>
  <testcase classname="Test_18_AB_addToRearC_ABC" name="testListIterator_validIndex" time="0.000"/>
  <testcase classname="Test_18_AB_addToRearC_ABC" name="testRemove_validElement" time="0.000"/>
  <testcase classname="Test_18_AB_addToRearC_ABC" name="testGet_invalidIndex" time="0.000"/>
  <testcase classname="Test_18_AB_addToRearC_ABC" name="testAdd" time="0.000"/>
</testsuite>
