<?xml version="1.0" encoding="UTF-8"?>
<!-- Generated by org.testng.reporters.JUnitReportReporter -->
<testsuite hostname="onyx.boisestate.edu" failures="0" tests="10" name="A_Tests" time="0.002" errors="0" timestamp="15 Nov 2019 15:12:57 GMT">
  <testcase classname="A_Tests" name="testRemove_0" time="0.001"/>
  <testcase classname="A_Tests" name="testAdd_0B" time="0.000"/>
  <testcase classname="A_Tests" name="testRemoveLast" time="0.000"/>
  <testcase classname="A_Tests" name="testSet_0B" time="0.000"/>
  <testcase classname="A_Tests" name="testRemoveFirst" time="0.000"/>
  <testcase classname="A_Tests" name="testRemove_A" time="0.000"/>
  <testcase classname="A_Tests" name="testAdd_1B" time="0.000"/>
  <testcase classname="A_Tests" name="testAddToFront_B" time="0.000"/>
  <testcase classname="A_Tests" name="testAddAfter_BA" time="0.000"/>
  <testcase classname="A_Tests" name="testAddToRear_B" time="0.001"/>
</testsuite>
