<?xml version="1.0" encoding="UTF-8"?>
<!-- Generated by org.testng.reporters.JUnitReportReporter -->
<testsuite hostname="onyx.boisestate.edu" failures="0" tests="27" name="ItrTest_23_AB_addAfterCB_ABC" time="0.004" errors="0" timestamp="15 Nov 2019 15:13:18 GMT">
  <testcase classname="ItrTest_23_AB_addAfterCB_ABC" name="testItrNext_remove" time="0.001"/>
  <testcase classname="ItrTest_23_AB_addAfterCB_ABC" name="testItr_remove" time="0.000"/>
  <testcase classname="ItrTest_23_AB_addAfterCB_ABC" name="testItrNextNextNext_remove" time="0.000"/>
  <testcase classname="ItrTest_23_AB_addAfterCB_ABC" name="testItrNextNext_hasNext" time="0.000"/>
  <testcase classname="ItrTest_23_AB_addAfterCB_ABC" name="testItrNextNextRemove_hasNext" time="0.001"/>
  <testcase classname="ItrTest_23_AB_addAfterCB_ABC" name="testItrNextNextNextRemove_remove" time="0.000"/>
  <testcase classname="ItrTest_23_AB_addAfterCB_ABC" name="testItrNextNextRemove_next" time="0.000"/>
  <testcase classname="ItrTest_23_AB_addAfterCB_ABC" name="testItrNextNextNextRemove_hasNext" time="0.000"/>
  <testcase classname="ItrTest_23_AB_addAfterCB_ABC" name="testItrNext_hasNext" time="0.001"/>
  <testcase classname="ItrTest_23_AB_addAfterCB_ABC" name="testItrNextRemoveNext_hasNext" time="0.001"/>
  <testcase classname="ItrTest_23_AB_addAfterCB_ABC" name="testItrNextRemove_hasNext" time="0.000"/>
  <testcase classname="ItrTest_23_AB_addAfterCB_ABC" name="testItrNextNextNextRemove_next" time="0.000"/>
  <testcase classname="ItrTest_23_AB_addAfterCB_ABC" name="testItrNextRemove_remove" time="0.000"/>
  <testcase classname="ItrTest_23_AB_addAfterCB_ABC" name="testItrNextNext_next" time="0.000"/>
  <testcase classname="ItrTest_23_AB_addAfterCB_ABC" name="testItrNextRemoveNext_remove" time="0.000"/>
  <testcase classname="ItrTest_23_AB_addAfterCB_ABC" name="testItr_hasNext" time="0.000"/>
  <testcase classname="ItrTest_23_AB_addAfterCB_ABC" name="testItrNextNextRemoveNext_remove" time="0.000"/>
  <testcase classname="ItrTest_23_AB_addAfterCB_ABC" name="testItr_next" time="0.000"/>
  <testcase classname="ItrTest_23_AB_addAfterCB_ABC" name="testItrNextNextNext_hasNext" time="0.000"/>
  <testcase classname="ItrTest_23_AB_addAfterCB_ABC" name="testItrNextRemoveNext_next" time="0.000"/>
  <testcase classname="ItrTest_23_AB_addAfterCB_ABC" name="testItrNext_next" time="0.000"/>
  <testcase classname="ItrTest_23_AB_addAfterCB_ABC" name="testItrNextNextRemoveNext_next" time="0.000"/>
  <testcase classname="ItrTest_23_AB_addAfterCB_ABC" name="testItrNextNextRemoveNext_hasNext" time="0.000"/>
  <testcase classname="ItrTest_23_AB_addAfterCB_ABC" name="testItrNextNext_remove" time="0.000"/>
  <testcase classname="ItrTest_23_AB_addAfterCB_ABC" name="testItrNextNextRemove_remove" time="0.000"/>
  <testcase classname="ItrTest_23_AB_addAfterCB_ABC" name="testItrNextNextNext_next" time="0.000"/>
  <testcase classname="ItrTest_23_AB_addAfterCB_ABC" name="testItrNextRemove_next" time="0.000"/>
</testsuite>
