<?xml version="1.0" encoding="UTF-8"?>
<!-- Generated by org.testng.reporters.JUnitReportReporter -->
<testsuite hostname="onyx.boisestate.edu" failures="0" tests="36" name="Test_2_emptyList_addToFrontA_A" time="0.004" errors="0" timestamp="15 Nov 2019 15:13:38 GMT">
  <testcase classname="Test_2_emptyList_addToFrontA_A" name="testRemoveFirst" time="0.000"/>
  <testcase classname="Test_2_emptyList_addToFrontA_A" name="testLast" time="0.001"/>
  <testcase classname="Test_2_emptyList_addToFrontA_A" name="testIsEmpty" time="0.000"/>
  <testcase classname="Test_2_emptyList_addToFrontA_A" name="testIterator" time="0.000"/>
  <testcase classname="Test_2_emptyList_addToFrontA_A" name="testListIterator_invalidIndex" time="0.000"/>
  <testcase classname="Test_2_emptyList_addToFrontA_A" name="testListIterator_validIndex" time="0.001"/>
  <testcase classname="Test_2_emptyList_addToFrontA_A" name="testGet_invalidIndex" time="0.000"/>
  <testcase classname="Test_2_emptyList_addToFrontA_A" name="testRemoveLast" time="0.000"/>
  <testcase classname="Test_2_emptyList_addToFrontA_A" name="testContains_invalidElement" time="0.000"/>
  <testcase classname="Test_2_emptyList_addToFrontA_A" name="testContains_validElement" time="0.000"/>
  <testcase classname="Test_2_emptyList_addToFrontA_A" name="testSet_validIndex" time="0.000"/>
  <testcase classname="Test_2_emptyList_addToFrontA_A" name="testRemove_validIndex" time="0.001"/>
  <testcase classname="Test_2_emptyList_addToFrontA_A" name="testRemove_invalidIndex" time="0.000"/>
  <testcase classname="Test_2_emptyList_addToFrontA_A" name="testFirst" time="0.000"/>
  <testcase classname="Test_2_emptyList_addToFrontA_A" name="testAddToRear" time="0.000"/>
  <testcase classname="Test_2_emptyList_addToFrontA_A" name="testIndexOf_validElement" time="0.000"/>
  <testcase classname="Test_2_emptyList_addToFrontA_A" name="testAdd" time="0.000"/>
  <testcase classname="Test_2_emptyList_addToFrontA_A" name="testRemove_validElement" time="0.000"/>
  <testcase classname="Test_2_emptyList_addToFrontA_A" name="testListIterator" time="0.000"/>
  <testcase classname="Test_2_emptyList_addToFrontA_A" name="testAdd_invalidIndex" time="0.000"/>
  <testcase classname="Test_2_emptyList_addToFrontA_A" name="testListIterator_invalidIndex" time="0.000"/>
  <testcase classname="Test_2_emptyList_addToFrontA_A" name="testAdd_invalidIndex" time="0.000"/>
  <testcase classname="Test_2_emptyList_addToFrontA_A" name="testAdd_validIndex" time="0.000"/>
  <testcase classname="Test_2_emptyList_addToFrontA_A" name="testSize" time="0.000"/>
  <testcase classname="Test_2_emptyList_addToFrontA_A" name="testSet_invalidIndex" time="0.000"/>
  <testcase classname="Test_2_emptyList_addToFrontA_A" name="testGet_validIndex" time="0.000"/>
  <testcase classname="Test_2_emptyList_addToFrontA_A" name="testRemove_invalidIndex" time="0.000"/>
  <testcase classname="Test_2_emptyList_addToFrontA_A" name="testRemove_invalidElement" time="0.000"/>
  <testcase classname="Test_2_emptyList_addToFrontA_A" name="testListIterator_validIndex" time="0.000"/>
  <testcase classname="Test_2_emptyList_addToFrontA_A" name="testAddAfter_invalidElement" time="0.000"/>
  <testcase classname="Test_2_emptyList_addToFrontA_A" name="testGet_invalidIndex" time="0.000"/>
  <testcase classname="Test_2_emptyList_addToFrontA_A" name="testIndexOf_invalidElement" time="0.000"/>
  <testcase classname="Test_2_emptyList_addToFrontA_A" name="testAdd_validIndex" time="0.000"/>
  <testcase classname="Test_2_emptyList_addToFrontA_A" name="testSet_invalidIndex" time="0.000"/>
  <testcase classname="Test_2_emptyList_addToFrontA_A" name="testAddToFront" time="0.001"/>
  <testcase classname="Test_2_emptyList_addToFrontA_A" name="testAddAfter_validElement" time="0.000"/>
</testsuite>
