<?xml version="1.0" encoding="UTF-8"?>
<!-- Generated by org.testng.reporters.JUnitReportReporter -->
<testsuite hostname="onyx.boisestate.edu" failures="0" tests="1" name="ConstructorTest" time="0.011" errors="0" timestamp="15 Nov 2019 15:12:57 GMT">
  <testcase classname="ConstructorTest" name="testConstructor" time="0.011"/>
</testsuite>
