<?xml version="1.0" encoding="UTF-8"?>
<!-- Generated by org.testng.reporters.JUnitReportReporter -->
<testsuite hostname="onyx.boisestate.edu" failures="0" tests="11" name="ABC_Tests" time="0.001" errors="0" timestamp="15 Nov 2019 15:12:57 GMT">
  <testcase classname="ABC_Tests" name="testRemove_A" time="0.000"/>
  <testcase classname="ABC_Tests" name="testRemove_B" time="0.001"/>
  <testcase classname="ABC_Tests" name="testSet_1D" time="0.000"/>
  <testcase classname="ABC_Tests" name="testRemove_2" time="0.000"/>
  <testcase classname="ABC_Tests" name="testRemove_0" time="0.000"/>
  <testcase classname="ABC_Tests" name="testSet_2D" time="0.000"/>
  <testcase classname="ABC_Tests" name="testRemove_C" time="0.000"/>
  <testcase classname="ABC_Tests" name="testRemoveFirst" time="0.000"/>
  <testcase classname="ABC_Tests" name="testRemoveLast" time="0.000"/>
  <testcase classname="ABC_Tests" name="testRemove_1" time="0.000"/>
  <testcase classname="ABC_Tests" name="testSet_0D" time="0.000"/>
</testsuite>
