<?xml version="1.0" encoding="UTF-8"?>
<!-- Generated by org.testng.reporters.JUnitReportReporter -->
<testsuite hostname="onyx.boisestate.edu" failures="0" tests="4" name="EmptyListTests" time="0.003" errors="0" timestamp="15 Nov 2019 15:12:57 GMT">
  <testcase classname="EmptyListTests" name="testAddToRear_A" time="0.000"/>
  <testcase classname="EmptyListTests" name="testAdd_0A" time="0.000"/>
  <testcase classname="EmptyListTests" name="testAdd_A" time="0.000"/>
  <testcase classname="EmptyListTests" name="testAddToFront_A" time="0.003"/>
</testsuite>
